<?xml version="1.0" encoding="UTF-8"?>
<!-- Generated by org.testng.reporters.JUnitXMLReporter -->
<testsuite ignored="2" hostname="DESKTOP-TBASD4Q" failures="0" tests="1" name="Lgoin testcases" time="0.196" errors="0" timestamp="2025-05-18T15:08:59 ICT">
  <testcase classname="autotest.testcasesHD.LoginTestcases" name="@BeforeTest startBrowser" time="-1.747555739335E9">
    <failure type="org.testng.TestNGException" message="
Parameter &amp;apos;browser&amp;apos; is required by BeforeTest on method startBrowser but has not been marked @Optional or defined
in D:\Khoa4\AutomationTestTraining\CodeStarTraining\testng.xml">
      <![CDATA[org.testng.TestNGException: 
Parameter 'browser' is required by BeforeTest on method startBrowser but has not been marked @Optional or defined
in D:\Khoa4\AutomationTestTraining\CodeStarTraining\testng.xml
... Removed 21 stack frames]]>
    </failure>
  </testcase> <!-- @BeforeTest startBrowser -->
  <testcase classname="autotest.testcasesHD.LoginTestcases" name="@AfterTest closeBrowser" time="-1.747555739516E9">
    <skipped/>
  </testcase> <!-- @AfterTest closeBrowser -->
  <testcase classname="autotest.testcasesHD.LoginTestcases" name="loginsuccess" time="0.0">
    <skipped/>
  </testcase> <!-- loginsuccess -->
  <testcase classname="autotest.testcasesHD.LoginTestcases" name="loginWrongUser" time="0.0">
    <ignored/>
  </testcase> <!-- loginWrongUser -->
  <testcase classname="autotest.testcasesHD.LoginTestcases" name="loginWrongpass" time="0.0">
    <ignored/>
  </testcase> <!-- loginWrongpass -->
</testsuite> <!-- Lgoin testcases -->
