<?xml version="1.0" encoding="UTF-8"?>
<!-- Generated by org.testng.reporters.JUnitXMLReporter -->
<testsuite ignored="0" hostname="DESKTOP-HA2CFC5" failures="0" tests="3" name="Login testcases chrome" time="0.123" errors="0" timestamp="2025-06-24T18:42:18 ICT">
  <testcase classname="autotest.testcasesHD.LoginTestcases" name="@BeforeTest startBrowser" time="0.062">
    <failure type="org.openqa.selenium.WebDriverException" message="Cannot find firefox binary in PATH. Make sure firefox is installed. OS appears to be: XP
Build info: version: &amp;apos;3.141.59&amp;apos;, revision: &amp;apos;e82be7d358&amp;apos;, time: &amp;apos;2018-11-14T08:17:03&amp;apos;
System info: host: &amp;apos;DESKTOP-HA2CFC5&amp;apos;, ip: &amp;apos;192.168.0.104&amp;apos;, os.name: &amp;apos;Windows 11&amp;apos;, os.arch: &amp;apos;amd64&amp;apos;, os.version: &amp;apos;10.0&amp;apos;, java.version: &amp;apos;21.0.7&amp;apos;
Driver info: driver.version: FirefoxDriver">
      <![CDATA[org.openqa.selenium.WebDriverException: Cannot find firefox binary in PATH. Make sure firefox is installed. OS appears to be: XP
Build info: version: '3.141.59', revision: 'e82be7d358', time: '2018-11-14T08:17:03'
System info: host: 'DESKTOP-HA2CFC5', ip: '192.168.0.104', os.name: 'Windows 11', os.arch: 'amd64', os.version: '10.0', java.version: '21.0.7'
Driver info: driver.version: FirefoxDriver
at org.openqa.selenium.firefox.FirefoxBinary.<init>(FirefoxBinary.java:100)
at java.base/java.util.Optional.orElseGet(Optional.java:364)
at org.openqa.selenium.firefox.FirefoxOptions.getBinary(FirefoxOptions.java:216)
at org.openqa.selenium.firefox.FirefoxDriver.toExecutor(FirefoxDriver.java:187)
at org.openqa.selenium.firefox.FirefoxDriver.<init>(FirefoxDriver.java:147)
at org.openqa.selenium.firefox.FirefoxDriver.<init>(FirefoxDriver.java:125)
at autocom.common.CommonPage.startBrower(CommonPage.java:50)
at autotest.testcasesHD.LoginTestcases.startBrowser(LoginTestcases.java:50)
... Removed 22 stack frames]]>
    </failure>
  </testcase> <!-- @BeforeTest startBrowser -->
  <testcase classname="autotest.testcasesHD.LoginTestcases" name="@AfterTest closeBrowser" time="0.0">
    <skipped/>
  </testcase> <!-- @AfterTest closeBrowser -->
  <testcase classname="autotest.testcasesHD.LoginTestcases" name="loginWrongUser" time="0.0">
    <skipped/>
  </testcase> <!-- loginWrongUser -->
  <testcase classname="autotest.testcasesHD.LoginTestcases" name="loginWrongpass" time="0.0">
    <skipped/>
  </testcase> <!-- loginWrongpass -->
  <testcase classname="autotest.testcasesHD.LoginTestcases" name="loginsuccess" time="0.0">
    <skipped/>
  </testcase> <!-- loginsuccess -->
</testsuite> <!-- Login testcases chrome -->
