<?xml version="1.0" encoding="UTF-8"?>
<!-- Generated by org.testng.reporters.JUnitReportReporter -->
<testsuite hostname="MSI" failures="0" tests="2" name="autotest.testcases.teacher.LoginTestcases" time="1.137" errors="1" timestamp="2025-08-17T16:45:42 ICT" skipped="1">
  <testcase classname="autotest.testcases.teacher.LoginTestcases" name="startBrowser" time="1.137">
    <error message="session not created: This version of ChromeDriver only supports Chrome version 136
Current browser version is 139.0.7258.128 with binary path C:\Program Files\Google\Chrome\Application\chrome.exe
Build info: version: &#039;3.141.59&#039;, revision: &#039;e82be7d358&#039;, time: &#039;2018-11-14T08:17:03&#039;
System info: host: &#039;MSI&#039;, ip: &#039;192.168.0.102&#039;, os.name: &#039;Windows 11&#039;, os.arch: &#039;amd64&#039;, os.version: &#039;10.0&#039;, java.version: &#039;21.0.8&#039;
Driver info: driver.version: ChromeDriver
remote stacktrace: 	GetHandleVerifier [0x010EFC83+61635]
	GetHandleVerifier [0x010EFCC4+61700]
	(No symbol) [0x00F105D3]
	(No symbol) [0x00F4A04B]
	(No symbol) [0x00F49069]
	(No symbol) [0x00F44017]
	(No symbol) [0x00F3F6C9]
	(No symbol) [0x00F88DF3]
	(No symbol) [0x00F8880A]
	(No symbol) [0x00F7D096]
	(No symbol) [0x00F4C840]
	(No symbol) [0x00F4D6A4]
	GetHandleVerifier [0x013745A3+2701795]
	GetHandleVerifier [0x0136FD26+2683238]
	GetHandleVerifier [0x0138AA6E+2793134]
	GetHandleVerifier [0x01106945+155013]
	GetHandleVerifier [0x0110D02D+181357]
	GetHandleVerifier [0x010F74D8+92440]
	GetHandleVerifier [0x010F7680+92864]
	GetHandleVerifier [0x010E2070+5296]
	BaseThreadInitThunk [0x75705D49+25]
	RtlInitializeExceptionChain [0x7798D2FB+107]
	RtlGetAppContainerNamedObjectPath [0x7798D281+561]
" type="org.openqa.selenium.SessionNotCreatedException">
      <![CDATA[org.openqa.selenium.SessionNotCreatedException: session not created: This version of ChromeDriver only supports Chrome version 136
Current browser version is 139.0.7258.128 with binary path C:\Program Files\Google\Chrome\Application\chrome.exe
Build info: version: '3.141.59', revision: 'e82be7d358', time: '2018-11-14T08:17:03'
System info: host: 'MSI', ip: '192.168.0.102', os.name: 'Windows 11', os.arch: 'amd64', os.version: '10.0', java.version: '21.0.8'
Driver info: driver.version: ChromeDriver
remote stacktrace: GetHandleVerifier [0x010EFC83+61635]
GetHandleVerifier [0x010EFCC4+61700]
(No symbol) [0x00F105D3]
(No symbol) [0x00F4A04B]
(No symbol) [0x00F49069]
(No symbol) [0x00F44017]
(No symbol) [0x00F3F6C9]
(No symbol) [0x00F88DF3]
(No symbol) [0x00F8880A]
(No symbol) [0x00F7D096]
(No symbol) [0x00F4C840]
(No symbol) [0x00F4D6A4]
GetHandleVerifier [0x013745A3+2701795]
GetHandleVerifier [0x0136FD26+2683238]
GetHandleVerifier [0x0138AA6E+2793134]
GetHandleVerifier [0x01106945+155013]
GetHandleVerifier [0x0110D02D+181357]
GetHandleVerifier [0x010F74D8+92440]
GetHandleVerifier [0x010F7680+92864]
GetHandleVerifier [0x010E2070+5296]
BaseThreadInitThunk [0x75705D49+25]
RtlInitializeExceptionChain [0x7798D2FB+107]
RtlGetAppContainerNamedObjectPath [0x7798D281+561]

at java.base/jdk.internal.reflect.DirectConstructorHandleAccessor.newInstance(DirectConstructorHandleAccessor.java:62)
at java.base/java.lang.reflect.Constructor.newInstanceWithCaller(Constructor.java:502)
at java.base/java.lang.reflect.Constructor.newInstance(Constructor.java:486)
at org.openqa.selenium.remote.W3CHandshakeResponse.lambda$errorHandler$0(W3CHandshakeResponse.java:62)
at org.openqa.selenium.remote.HandshakeResponse.lambda$getResponseFunction$0(HandshakeResponse.java:30)
at org.openqa.selenium.remote.ProtocolHandshake.lambda$createSession$0(ProtocolHandshake.java:126)
at java.base/java.util.stream.ReferencePipeline$3$1.accept(ReferencePipeline.java:197)
at java.base/java.util.Spliterators$ArraySpliterator.tryAdvance(Spliterators.java:1034)
at java.base/java.util.stream.ReferencePipeline.forEachWithCancel(ReferencePipeline.java:129)
at java.base/java.util.stream.AbstractPipeline.copyIntoWithCancel(AbstractPipeline.java:527)
at java.base/java.util.stream.AbstractPipeline.copyInto(AbstractPipeline.java:513)
at java.base/java.util.stream.AbstractPipeline.wrapAndCopyInto(AbstractPipeline.java:499)
at java.base/java.util.stream.FindOps$FindOp.evaluateSequential(FindOps.java:150)
at java.base/java.util.stream.AbstractPipeline.evaluate(AbstractPipeline.java:234)
at java.base/java.util.stream.ReferencePipeline.findFirst(ReferencePipeline.java:647)
at org.openqa.selenium.remote.ProtocolHandshake.createSession(ProtocolHandshake.java:128)
at org.openqa.selenium.remote.ProtocolHandshake.createSession(ProtocolHandshake.java:74)
at org.openqa.selenium.remote.HttpCommandExecutor.execute(HttpCommandExecutor.java:136)
at org.openqa.selenium.remote.service.DriverCommandExecutor.execute(DriverCommandExecutor.java:83)
at org.openqa.selenium.remote.RemoteWebDriver.execute(RemoteWebDriver.java:552)
at org.openqa.selenium.remote.RemoteWebDriver.startSession(RemoteWebDriver.java:213)
at org.openqa.selenium.remote.RemoteWebDriver.<init>(RemoteWebDriver.java:131)
at org.openqa.selenium.chrome.ChromeDriver.<init>(ChromeDriver.java:181)
at org.openqa.selenium.chrome.ChromeDriver.<init>(ChromeDriver.java:168)
at org.openqa.selenium.chrome.ChromeDriver.<init>(ChromeDriver.java:123)
at autocom.common.CommonPage.startBrower(CommonPage.java:73)
at autotest.testcases.teacher.LoginTestcases.startBrowser(LoginTestcases.java:27)
at java.base/jdk.internal.reflect.DirectMethodHandleAccessor.invoke(DirectMethodHandleAccessor.java:103)
at java.base/java.lang.reflect.Method.invoke(Method.java:580)
at org.testng.internal.invokers.MethodInvocationHelper.invokeMethod(MethodInvocationHelper.java:141)
at org.testng.internal.invokers.MethodInvocationHelper.invokeMethodConsideringTimeout(MethodInvocationHelper.java:71)
at org.testng.internal.invokers.ConfigInvoker.invokeConfigurationMethod(ConfigInvoker.java:400)
at org.testng.internal.invokers.ConfigInvoker.invokeConfigurations(ConfigInvoker.java:333)
at org.testng.TestRunner.invokeTestConfigurations(TestRunner.java:657)
at org.testng.TestRunner.beforeRun(TestRunner.java:646)
at org.testng.TestRunner.run(TestRunner.java:612)
at org.testng.SuiteRunner.runTest(SuiteRunner.java:421)
at org.testng.SuiteRunner.runSequentially(SuiteRunner.java:413)
at org.testng.SuiteRunner.privateRun(SuiteRunner.java:373)
at org.testng.SuiteRunner.run(SuiteRunner.java:312)
at org.testng.SuiteRunnerWorker.runSuite(SuiteRunnerWorker.java:52)
at org.testng.SuiteRunnerWorker.run(SuiteRunnerWorker.java:95)
at org.testng.TestNG.runSuitesSequentially(TestNG.java:1274)
at org.testng.TestNG.runSuitesLocally(TestNG.java:1208)
at org.testng.TestNG.runSuites(TestNG.java:1112)
at org.testng.TestNG.run(TestNG.java:1079)
at org.testng.remote.AbstractRemoteTestNG.run(AbstractRemoteTestNG.java:115)
at org.testng.remote.RemoteTestNG.initAndRun(RemoteTestNG.java:293)
at org.testng.remote.RemoteTestNG.main(RemoteTestNG.java:91)
]]>
    </error>
  </testcase> <!-- startBrowser -->
  <testcase classname="autotest.testcases.teacher.LoginTestcases" name="loginadmin" time="0.000">
    <skipped/>
  </testcase> <!-- loginadmin -->
</testsuite> <!-- autotest.testcases.teacher.LoginTestcases -->
