<?xml version="1.0" encoding="UTF-8"?>
<!-- Generated by org.testng.reporters.JUnitReportReporter -->
<testsuite hostname="DESKTOP-TBASD4Q" failures="0" tests="2" name="autotest.testcases.LoginTestcases" time="2.337" errors="1" timestamp="2025-03-20T15:15:44 ICT" skipped="1">
  <testcase classname="autotest.testcases.LoginTestcases" name="tcs01" time="0.000">
    <skipped/>
  </testcase> <!-- tcs01 -->
  <system-out/>
  <testcase classname="autotest.testcases.LoginTestcases" name="startBrowser" time="2.337">
    <error message="session not created: This version of ChromeDriver only supports Chrome version 123
Current browser version is 134.0.6998.89 with binary path C:\Program Files\Google\Chrome\Application\chrome.exe
Build info: version: &#039;3.141.59&#039;, revision: &#039;e82be7d358&#039;, time: &#039;2018-11-14T08:17:03&#039;
System info: host: &#039;DESKTOP-TBASD4Q&#039;, ip: &#039;192.168.0.106&#039;, os.name: &#039;Windows 10&#039;, os.arch: &#039;amd64&#039;, os.version: &#039;10.0&#039;, java.version: &#039;22.0.2&#039;
Driver info: driver.version: ChromeDriver
remote stacktrace: 	GetHandleVerifier [0x00007FF7167770C2+63090]
	(No symbol) [0x00007FF7166E2D12]
	(No symbol) [0x00007FF71657EC65]
	(No symbol) [0x00007FF7165B54C2]
	(No symbol) [0x00007FF7165B48CF]
	(No symbol) [0x00007FF7165AE8C5]
	(No symbol) [0x00007FF7165AB2F4]
	(No symbol) [0x00007FF7165F0BFB]
	(No symbol) [0x00007FF7165F0830]
	(No symbol) [0x00007FF7165E6D83]
	(No symbol) [0x00007FF7165B83A8]
	(No symbol) [0x00007FF7165B9441]
	GetHandleVerifier [0x00007FF716B7262D+4238301]
	GetHandleVerifier [0x00007FF716BAF78D+4488509]
	GetHandleVerifier [0x00007FF716BA7A6F+4456479]
	GetHandleVerifier [0x00007FF716850606+953270]
	(No symbol) [0x00007FF7166EE5DF]
	(No symbol) [0x00007FF7166E92B4]
	(No symbol) [0x00007FF7166E93EB]
	(No symbol) [0x00007FF7166D9C24]
	BaseThreadInitThunk [0x00007FFB47CD7374+20]
	RtlUserThreadStart [0x00007FFB47FBCC91+33]
" type="org.openqa.selenium.SessionNotCreatedException">
      <![CDATA[org.openqa.selenium.SessionNotCreatedException: session not created: This version of ChromeDriver only supports Chrome version 123
Current browser version is 134.0.6998.89 with binary path C:\Program Files\Google\Chrome\Application\chrome.exe
Build info: version: '3.141.59', revision: 'e82be7d358', time: '2018-11-14T08:17:03'
System info: host: 'DESKTOP-TBASD4Q', ip: '192.168.0.106', os.name: 'Windows 10', os.arch: 'amd64', os.version: '10.0', java.version: '22.0.2'
Driver info: driver.version: ChromeDriver
remote stacktrace: GetHandleVerifier [0x00007FF7167770C2+63090]
(No symbol) [0x00007FF7166E2D12]
(No symbol) [0x00007FF71657EC65]
(No symbol) [0x00007FF7165B54C2]
(No symbol) [0x00007FF7165B48CF]
(No symbol) [0x00007FF7165AE8C5]
(No symbol) [0x00007FF7165AB2F4]
(No symbol) [0x00007FF7165F0BFB]
(No symbol) [0x00007FF7165F0830]
(No symbol) [0x00007FF7165E6D83]
(No symbol) [0x00007FF7165B83A8]
(No symbol) [0x00007FF7165B9441]
GetHandleVerifier [0x00007FF716B7262D+4238301]
GetHandleVerifier [0x00007FF716BAF78D+4488509]
GetHandleVerifier [0x00007FF716BA7A6F+4456479]
GetHandleVerifier [0x00007FF716850606+953270]
(No symbol) [0x00007FF7166EE5DF]
(No symbol) [0x00007FF7166E92B4]
(No symbol) [0x00007FF7166E93EB]
(No symbol) [0x00007FF7166D9C24]
BaseThreadInitThunk [0x00007FFB47CD7374+20]
RtlUserThreadStart [0x00007FFB47FBCC91+33]

at java.base/jdk.internal.reflect.DirectConstructorHandleAccessor.newInstance(DirectConstructorHandleAccessor.java:62)
at java.base/java.lang.reflect.Constructor.newInstanceWithCaller(Constructor.java:502)
at java.base/java.lang.reflect.Constructor.newInstance(Constructor.java:486)
at org.openqa.selenium.remote.W3CHandshakeResponse.lambda$errorHandler$0(W3CHandshakeResponse.java:62)
at org.openqa.selenium.remote.HandshakeResponse.lambda$getResponseFunction$0(HandshakeResponse.java:30)
at org.openqa.selenium.remote.ProtocolHandshake.lambda$createSession$0(ProtocolHandshake.java:126)
at java.base/java.util.stream.ReferencePipeline$3$1.accept(ReferencePipeline.java:212)
at java.base/java.util.Spliterators$ArraySpliterator.tryAdvance(Spliterators.java:1034)
at java.base/java.util.stream.ReferencePipeline.forEachWithCancel(ReferencePipeline.java:144)
at java.base/java.util.stream.AbstractPipeline.copyIntoWithCancel(AbstractPipeline.java:574)
at java.base/java.util.stream.AbstractPipeline.copyInto(AbstractPipeline.java:560)
at java.base/java.util.stream.AbstractPipeline.wrapAndCopyInto(AbstractPipeline.java:546)
at java.base/java.util.stream.FindOps$FindOp.evaluateSequential(FindOps.java:150)
at java.base/java.util.stream.AbstractPipeline.evaluate(AbstractPipeline.java:265)
at java.base/java.util.stream.ReferencePipeline.findFirst(ReferencePipeline.java:662)
at org.openqa.selenium.remote.ProtocolHandshake.createSession(ProtocolHandshake.java:128)
at org.openqa.selenium.remote.ProtocolHandshake.createSession(ProtocolHandshake.java:74)
at org.openqa.selenium.remote.HttpCommandExecutor.execute(HttpCommandExecutor.java:136)
at org.openqa.selenium.remote.service.DriverCommandExecutor.execute(DriverCommandExecutor.java:83)
at org.openqa.selenium.remote.RemoteWebDriver.execute(RemoteWebDriver.java:552)
at org.openqa.selenium.remote.RemoteWebDriver.startSession(RemoteWebDriver.java:213)
at org.openqa.selenium.remote.RemoteWebDriver.<init>(RemoteWebDriver.java:131)
at org.openqa.selenium.chrome.ChromeDriver.<init>(ChromeDriver.java:181)
at org.openqa.selenium.chrome.ChromeDriver.<init>(ChromeDriver.java:168)
at org.openqa.selenium.chrome.ChromeDriver.<init>(ChromeDriver.java:123)
at autocom.common.CommonPage.startBrower(CommonPage.java:71)
at autotest.testcases.LoginTestcases.startBrowser(LoginTestcases.java:26)
at java.base/jdk.internal.reflect.DirectMethodHandleAccessor.invoke(DirectMethodHandleAccessor.java:103)
at java.base/java.lang.reflect.Method.invoke(Method.java:580)
at org.testng.internal.MethodInvocationHelper.invokeMethod(MethodInvocationHelper.java:133)
at org.testng.internal.MethodInvocationHelper.invokeMethodConsideringTimeout(MethodInvocationHelper.java:62)
at org.testng.internal.ConfigInvoker.invokeConfigurationMethod(ConfigInvoker.java:385)
at org.testng.internal.ConfigInvoker.invokeConfigurations(ConfigInvoker.java:321)
at org.testng.TestRunner.invokeTestConfigurations(TestRunner.java:637)
at org.testng.TestRunner.beforeRun(TestRunner.java:627)
at org.testng.TestRunner.run(TestRunner.java:589)
at org.testng.SuiteRunner.runTest(SuiteRunner.java:377)
at org.testng.SuiteRunner.runSequentially(SuiteRunner.java:371)
at org.testng.SuiteRunner.privateRun(SuiteRunner.java:332)
at org.testng.SuiteRunner.run(SuiteRunner.java:276)
at org.testng.SuiteRunnerWorker.runSuite(SuiteRunnerWorker.java:53)
at org.testng.SuiteRunnerWorker.run(SuiteRunnerWorker.java:96)
at org.testng.TestNG.runSuitesSequentially(TestNG.java:1212)
at org.testng.TestNG.runSuitesLocally(TestNG.java:1134)
at org.testng.TestNG.runSuites(TestNG.java:1063)
at org.testng.TestNG.run(TestNG.java:1031)
at org.testng.remote.AbstractRemoteTestNG.run(AbstractRemoteTestNG.java:115)
at org.testng.remote.RemoteTestNG.initAndRun(RemoteTestNG.java:293)
at org.testng.remote.RemoteTestNG.main(RemoteTestNG.java:91)
]]>
    </error>
  </testcase> <!-- startBrowser -->
  <system-out/>
</testsuite> <!-- autotest.testcases.LoginTestcases -->
