<?xml version="1.0" encoding="UTF-8"?>
<!-- Generated by org.testng.reporters.JUnitReportReporter -->
<testsuite hostname="DESKTOP-T58M6RN" failures="0" tests="2" name="autotest.testcases.teacher.TestXPathPage" time="0.907" errors="1" timestamp="2025-03-26T20:48:50 GMT+07:00" skipped="1">
  <testcase classname="autotest.testcases.teacher.TestXPathPage" name="setup" time="0.907">
    <error message="session not created: This version of ChromeDriver only supports Chrome version 123
Current browser version is 134.0.6998.119 with binary path C:\Program Files\Google\Chrome\Application\chrome.exe
Build info: version: &#039;3.141.59&#039;, revision: &#039;e82be7d358&#039;, time: &#039;2018-11-14T08:17:03&#039;
System info: host: &#039;DESKTOP-T58M6RN&#039;, ip: &#039;192.168.16.2&#039;, os.name: &#039;Windows 11&#039;, os.arch: &#039;amd64&#039;, os.version: &#039;10.0&#039;, java.version: &#039;23.0.2&#039;
Driver info: driver.version: ChromeDriver
remote stacktrace: 	GetHandleVerifier [0x00007FF6036070C2+63090]
	(No symbol) [0x00007FF603572D12]
	(No symbol) [0x00007FF60340EC65]
	(No symbol) [0x00007FF6034454C2]
	(No symbol) [0x00007FF6034448CF]
	(No symbol) [0x00007FF60343E8C5]
	(No symbol) [0x00007FF60343B2F4]
	(No symbol) [0x00007FF603480BFB]
	(No symbol) [0x00007FF603480830]
	(No symbol) [0x00007FF603476D83]
	(No symbol) [0x00007FF6034483A8]
	(No symbol) [0x00007FF603449441]
	GetHandleVerifier [0x00007FF603A0262D+4238301]
	GetHandleVerifier [0x00007FF603A3F78D+4488509]
	GetHandleVerifier [0x00007FF603A37A6F+4456479]
	GetHandleVerifier [0x00007FF6036E0606+953270]
	(No symbol) [0x00007FF60357E5DF]
	(No symbol) [0x00007FF6035792B4]
	(No symbol) [0x00007FF6035793EB]
	(No symbol) [0x00007FF603569C24]
	BaseThreadInitThunk [0x00007FF883CC257D+29]
	RtlUserThreadStart [0x00007FF885FCAF28+40]
" type="org.openqa.selenium.SessionNotCreatedException">
      <![CDATA[org.openqa.selenium.SessionNotCreatedException: session not created: This version of ChromeDriver only supports Chrome version 123
Current browser version is 134.0.6998.119 with binary path C:\Program Files\Google\Chrome\Application\chrome.exe
Build info: version: '3.141.59', revision: 'e82be7d358', time: '2018-11-14T08:17:03'
System info: host: 'DESKTOP-T58M6RN', ip: '192.168.16.2', os.name: 'Windows 11', os.arch: 'amd64', os.version: '10.0', java.version: '23.0.2'
Driver info: driver.version: ChromeDriver
remote stacktrace: GetHandleVerifier [0x00007FF6036070C2+63090]
(No symbol) [0x00007FF603572D12]
(No symbol) [0x00007FF60340EC65]
(No symbol) [0x00007FF6034454C2]
(No symbol) [0x00007FF6034448CF]
(No symbol) [0x00007FF60343E8C5]
(No symbol) [0x00007FF60343B2F4]
(No symbol) [0x00007FF603480BFB]
(No symbol) [0x00007FF603480830]
(No symbol) [0x00007FF603476D83]
(No symbol) [0x00007FF6034483A8]
(No symbol) [0x00007FF603449441]
GetHandleVerifier [0x00007FF603A0262D+4238301]
GetHandleVerifier [0x00007FF603A3F78D+4488509]
GetHandleVerifier [0x00007FF603A37A6F+4456479]
GetHandleVerifier [0x00007FF6036E0606+953270]
(No symbol) [0x00007FF60357E5DF]
(No symbol) [0x00007FF6035792B4]
(No symbol) [0x00007FF6035793EB]
(No symbol) [0x00007FF603569C24]
BaseThreadInitThunk [0x00007FF883CC257D+29]
RtlUserThreadStart [0x00007FF885FCAF28+40]

at java.base/jdk.internal.reflect.DirectConstructorHandleAccessor.newInstance(DirectConstructorHandleAccessor.java:62)
at java.base/java.lang.reflect.Constructor.newInstanceWithCaller(Constructor.java:501)
at java.base/java.lang.reflect.Constructor.newInstance(Constructor.java:485)
at org.openqa.selenium.remote.W3CHandshakeResponse.lambda$errorHandler$0(W3CHandshakeResponse.java:62)
at org.openqa.selenium.remote.HandshakeResponse.lambda$getResponseFunction$0(HandshakeResponse.java:30)
at org.openqa.selenium.remote.ProtocolHandshake.lambda$createSession$0(ProtocolHandshake.java:126)
at java.base/java.util.stream.ReferencePipeline$3$1.accept(ReferencePipeline.java:215)
at java.base/java.util.Spliterators$ArraySpliterator.tryAdvance(Spliterators.java:1034)
at java.base/java.util.stream.ReferencePipeline.forEachWithCancel(ReferencePipeline.java:147)
at java.base/java.util.stream.AbstractPipeline.copyIntoWithCancel(AbstractPipeline.java:588)
at java.base/java.util.stream.AbstractPipeline.copyInto(AbstractPipeline.java:574)
at java.base/java.util.stream.AbstractPipeline.wrapAndCopyInto(AbstractPipeline.java:560)
at java.base/java.util.stream.FindOps$FindOp.evaluateSequential(FindOps.java:150)
at java.base/java.util.stream.AbstractPipeline.evaluate(AbstractPipeline.java:265)
at java.base/java.util.stream.ReferencePipeline.findFirst(ReferencePipeline.java:687)
at org.openqa.selenium.remote.ProtocolHandshake.createSession(ProtocolHandshake.java:128)
at org.openqa.selenium.remote.ProtocolHandshake.createSession(ProtocolHandshake.java:74)
at org.openqa.selenium.remote.HttpCommandExecutor.execute(HttpCommandExecutor.java:136)
at org.openqa.selenium.remote.service.DriverCommandExecutor.execute(DriverCommandExecutor.java:83)
at org.openqa.selenium.remote.RemoteWebDriver.execute(RemoteWebDriver.java:552)
at org.openqa.selenium.remote.RemoteWebDriver.startSession(RemoteWebDriver.java:213)
at org.openqa.selenium.remote.RemoteWebDriver.<init>(RemoteWebDriver.java:131)
at org.openqa.selenium.chrome.ChromeDriver.<init>(ChromeDriver.java:181)
at org.openqa.selenium.chrome.ChromeDriver.<init>(ChromeDriver.java:168)
at org.openqa.selenium.chrome.ChromeDriver.<init>(ChromeDriver.java:123)
at autotest.testcases.teacher.TestXPathPage.setup(TestXPathPage.java:19)
at java.base/jdk.internal.reflect.DirectMethodHandleAccessor.invoke(DirectMethodHandleAccessor.java:103)
at java.base/java.lang.reflect.Method.invoke(Method.java:580)
at org.testng.internal.MethodInvocationHelper.invokeMethod(MethodInvocationHelper.java:133)
at org.testng.internal.MethodInvocationHelper.invokeMethodConsideringTimeout(MethodInvocationHelper.java:62)
at org.testng.internal.ConfigInvoker.invokeConfigurationMethod(ConfigInvoker.java:385)
at org.testng.internal.ConfigInvoker.invokeConfigurations(ConfigInvoker.java:321)
at org.testng.TestRunner.invokeTestConfigurations(TestRunner.java:637)
at org.testng.TestRunner.beforeRun(TestRunner.java:627)
at org.testng.TestRunner.run(TestRunner.java:589)
at org.testng.SuiteRunner.runTest(SuiteRunner.java:377)
at org.testng.SuiteRunner.runSequentially(SuiteRunner.java:371)
at org.testng.SuiteRunner.privateRun(SuiteRunner.java:332)
at org.testng.SuiteRunner.run(SuiteRunner.java:276)
at org.testng.SuiteRunnerWorker.runSuite(SuiteRunnerWorker.java:53)
at org.testng.SuiteRunnerWorker.run(SuiteRunnerWorker.java:96)
at org.testng.TestNG.runSuitesSequentially(TestNG.java:1212)
at org.testng.TestNG.runSuitesLocally(TestNG.java:1134)
at org.testng.TestNG.runSuites(TestNG.java:1063)
at org.testng.TestNG.run(TestNG.java:1031)
at org.testng.remote.AbstractRemoteTestNG.run(AbstractRemoteTestNG.java:115)
at org.testng.remote.RemoteTestNG.initAndRun(RemoteTestNG.java:293)
at org.testng.remote.RemoteTestNG.main(RemoteTestNG.java:91)
]]>
    </error>
  </testcase> <!-- setup -->
  <system-out/>
  <testcase classname="autotest.testcases.teacher.TestXPathPage" name="fillForm" time="0.000">
    <skipped/>
  </testcase> <!-- fillForm -->
  <system-out/>
</testsuite> <!-- autotest.testcases.teacher.TestXPathPage -->
