<?xml version="1.0" encoding="UTF-8"?>
<!-- Generated by org.testng.reporters.JUnitReportReporter -->
<testsuite hostname="DESKTOP-TBASD4Q" failures="0" tests="2" name="autotest.testcases.TaoHoaDonTestcases" time="7.265" errors="1" timestamp="2024-08-25T20:32:05 ICT" skipped="1">
  <testcase classname="autotest.testcases.TaoHoaDonTestcases" name="startPage" time="7.265">
    <error message="session not created: This version of ChromeDriver only supports Chrome version 123
Current browser version is 127.0.6533.122 with binary path C:\Program Files\Google\Chrome\Application\chrome.exe
Build info: version: &#039;3.141.59&#039;, revision: &#039;e82be7d358&#039;, time: &#039;2018-11-14T08:17:03&#039;
System info: host: &#039;DESKTOP-TBASD4Q&#039;, ip: &#039;192.168.0.103&#039;, os.name: &#039;Windows 10&#039;, os.arch: &#039;amd64&#039;, os.version: &#039;10.0&#039;, java.version: &#039;22.0.2&#039;
Driver info: driver.version: ChromeDriver
remote stacktrace: 	GetHandleVerifier [0x00007FF649E070C2+63090]
	(No symbol) [0x00007FF649D72D12]
	(No symbol) [0x00007FF649C0EC65]
	(No symbol) [0x00007FF649C454C2]
	(No symbol) [0x00007FF649C448CF]
	(No symbol) [0x00007FF649C3E8C5]
	(No symbol) [0x00007FF649C3B2F4]
	(No symbol) [0x00007FF649C80BFB]
	(No symbol) [0x00007FF649C80830]
	(No symbol) [0x00007FF649C76D83]
	(No symbol) [0x00007FF649C483A8]
	(No symbol) [0x00007FF649C49441]
	GetHandleVerifier [0x00007FF64A20262D+4238301]
	GetHandleVerifier [0x00007FF64A23F78D+4488509]
	GetHandleVerifier [0x00007FF64A237A6F+4456479]
	GetHandleVerifier [0x00007FF649EE0606+953270]
	(No symbol) [0x00007FF649D7E5DF]
	(No symbol) [0x00007FF649D792B4]
	(No symbol) [0x00007FF649D793EB]
	(No symbol) [0x00007FF649D69C24]
	BaseThreadInitThunk [0x00007FF8C9D97374+20]
	RtlUserThreadStart [0x00007FF8CA9DCC91+33]
" type="org.openqa.selenium.SessionNotCreatedException">
      <![CDATA[org.openqa.selenium.SessionNotCreatedException: session not created: This version of ChromeDriver only supports Chrome version 123
Current browser version is 127.0.6533.122 with binary path C:\Program Files\Google\Chrome\Application\chrome.exe
Build info: version: '3.141.59', revision: 'e82be7d358', time: '2018-11-14T08:17:03'
System info: host: 'DESKTOP-TBASD4Q', ip: '192.168.0.103', os.name: 'Windows 10', os.arch: 'amd64', os.version: '10.0', java.version: '22.0.2'
Driver info: driver.version: ChromeDriver
remote stacktrace: GetHandleVerifier [0x00007FF649E070C2+63090]
(No symbol) [0x00007FF649D72D12]
(No symbol) [0x00007FF649C0EC65]
(No symbol) [0x00007FF649C454C2]
(No symbol) [0x00007FF649C448CF]
(No symbol) [0x00007FF649C3E8C5]
(No symbol) [0x00007FF649C3B2F4]
(No symbol) [0x00007FF649C80BFB]
(No symbol) [0x00007FF649C80830]
(No symbol) [0x00007FF649C76D83]
(No symbol) [0x00007FF649C483A8]
(No symbol) [0x00007FF649C49441]
GetHandleVerifier [0x00007FF64A20262D+4238301]
GetHandleVerifier [0x00007FF64A23F78D+4488509]
GetHandleVerifier [0x00007FF64A237A6F+4456479]
GetHandleVerifier [0x00007FF649EE0606+953270]
(No symbol) [0x00007FF649D7E5DF]
(No symbol) [0x00007FF649D792B4]
(No symbol) [0x00007FF649D793EB]
(No symbol) [0x00007FF649D69C24]
BaseThreadInitThunk [0x00007FF8C9D97374+20]
RtlUserThreadStart [0x00007FF8CA9DCC91+33]

at java.base/jdk.internal.reflect.DirectConstructorHandleAccessor.newInstance(DirectConstructorHandleAccessor.java:62)
at java.base/java.lang.reflect.Constructor.newInstanceWithCaller(Constructor.java:502)
at java.base/java.lang.reflect.Constructor.newInstance(Constructor.java:486)
at org.openqa.selenium.remote.W3CHandshakeResponse.lambda$errorHandler$0(W3CHandshakeResponse.java:62)
at org.openqa.selenium.remote.HandshakeResponse.lambda$getResponseFunction$0(HandshakeResponse.java:30)
at org.openqa.selenium.remote.ProtocolHandshake.lambda$createSession$0(ProtocolHandshake.java:126)
at java.base/java.util.stream.ReferencePipeline$3$1.accept(ReferencePipeline.java:212)
at java.base/java.util.Spliterators$ArraySpliterator.tryAdvance(Spliterators.java:1034)
at java.base/java.util.stream.ReferencePipeline.forEachWithCancel(ReferencePipeline.java:144)
at java.base/java.util.stream.AbstractPipeline.copyIntoWithCancel(AbstractPipeline.java:574)
at java.base/java.util.stream.AbstractPipeline.copyInto(AbstractPipeline.java:560)
at java.base/java.util.stream.AbstractPipeline.wrapAndCopyInto(AbstractPipeline.java:546)
at java.base/java.util.stream.FindOps$FindOp.evaluateSequential(FindOps.java:150)
at java.base/java.util.stream.AbstractPipeline.evaluate(AbstractPipeline.java:265)
at java.base/java.util.stream.ReferencePipeline.findFirst(ReferencePipeline.java:662)
at org.openqa.selenium.remote.ProtocolHandshake.createSession(ProtocolHandshake.java:128)
at org.openqa.selenium.remote.ProtocolHandshake.createSession(ProtocolHandshake.java:74)
at org.openqa.selenium.remote.HttpCommandExecutor.execute(HttpCommandExecutor.java:136)
at org.openqa.selenium.remote.service.DriverCommandExecutor.execute(DriverCommandExecutor.java:83)
at org.openqa.selenium.remote.RemoteWebDriver.execute(RemoteWebDriver.java:552)
at org.openqa.selenium.remote.RemoteWebDriver.startSession(RemoteWebDriver.java:213)
at org.openqa.selenium.remote.RemoteWebDriver.<init>(RemoteWebDriver.java:131)
at org.openqa.selenium.chrome.ChromeDriver.<init>(ChromeDriver.java:181)
at org.openqa.selenium.chrome.ChromeDriver.<init>(ChromeDriver.java:168)
at org.openqa.selenium.chrome.ChromeDriver.<init>(ChromeDriver.java:123)
at autocom.common.CommonPage.startBrower(CommonPage.java:71)
at autotest.testcases.TaoHoaDonTestcases.startPage(TaoHoaDonTestcases.java:33)
at java.base/jdk.internal.reflect.DirectMethodHandleAccessor.invoke(DirectMethodHandleAccessor.java:103)
at java.base/java.lang.reflect.Method.invoke(Method.java:580)
at org.testng.internal.MethodInvocationHelper.invokeMethod(MethodInvocationHelper.java:133)
at org.testng.internal.MethodInvocationHelper.invokeMethodConsideringTimeout(MethodInvocationHelper.java:62)
at org.testng.internal.ConfigInvoker.invokeConfigurationMethod(ConfigInvoker.java:385)
at org.testng.internal.ConfigInvoker.invokeConfigurations(ConfigInvoker.java:321)
at org.testng.internal.TestMethodWorker.invokeBeforeClassMethods(TestMethodWorker.java:176)
at org.testng.internal.TestMethodWorker.run(TestMethodWorker.java:122)
at java.base/java.util.ArrayList.forEach(ArrayList.java:1597)
at org.testng.TestRunner.privateRun(TestRunner.java:794)
at org.testng.TestRunner.run(TestRunner.java:596)
at org.testng.SuiteRunner.runTest(SuiteRunner.java:377)
at org.testng.SuiteRunner.runSequentially(SuiteRunner.java:371)
at org.testng.SuiteRunner.privateRun(SuiteRunner.java:332)
at org.testng.SuiteRunner.run(SuiteRunner.java:276)
at org.testng.SuiteRunnerWorker.runSuite(SuiteRunnerWorker.java:53)
at org.testng.SuiteRunnerWorker.run(SuiteRunnerWorker.java:96)
at org.testng.TestNG.runSuitesSequentially(TestNG.java:1212)
at org.testng.TestNG.runSuitesLocally(TestNG.java:1134)
at org.testng.TestNG.runSuites(TestNG.java:1063)
at org.testng.TestNG.run(TestNG.java:1031)
at org.testng.remote.AbstractRemoteTestNG.run(AbstractRemoteTestNG.java:115)
at org.testng.remote.RemoteTestNG.initAndRun(RemoteTestNG.java:293)
at org.testng.remote.RemoteTestNG.main(RemoteTestNG.java:91)
]]>
    </error>
  </testcase> <!-- startPage -->
  <system-out/>
  <testcase classname="autotest.testcases.TaoHoaDonTestcases" name="taoHoaDonThanhCong" time="0.000">
    <skipped/>
  </testcase> <!-- taoHoaDonThanhCong -->
  <system-out/>
</testsuite> <!-- autotest.testcases.TaoHoaDonTestcases -->
